[0912/121826.848:ERROR:process_reader_win.cc(151)] SuspendThread: Access is denied. (0x5)
[0912/121826.848:ERROR:process_reader_win.cc(151)] SuspendThread: Access is denied. (0x5)
[0912/121826.848:ERROR:process_reader_win.cc(151)] SuspendThread: Access is denied. (0x5)
[0912/121826.848:ERROR:process_reader_win.cc(151)] SuspendThread: Access is denied. (0x5)
[0912/121826.848:ERROR:process_reader_win.cc(151)] SuspendThread: Access is denied. (0x5)
[0912/121826.848:ERROR:process_reader_win.cc(151)] SuspendThread: Access is denied. (0x5)
[0912/121826.848:ERROR:process_reader_win.cc(151)] SuspendThread: Access is denied. (0x5)
[0912/121826.848:ERROR:process_reader_win.cc(151)] SuspendThread: Access is denied. (0x5)
[0912/121826.848:ERROR:process_reader_win.cc(151)] SuspendThread: Access is denied. (0x5)
[0912/121826.848:ERROR:process_reader_win.cc(151)] SuspendThread: Access is denied. (0x5)
[0912/121826.848:ERROR:process_reader_win.cc(151)] SuspendThread: Access is denied. (0x5)
[0912/121826.848:ERROR:process_reader_win.cc(151)] SuspendThread: Access is denied. (0x5)
[0912/121826.848:ERROR:process_reader_win.cc(151)] SuspendThread: Access is denied. (0x5)
[0912/121826.848:ERROR:process_reader_win.cc(123)] NtOpenThread: {Access Denied} A process has requested access to an object, but has not been granted those access rights. (0xc0000022)
[0912/121826.848:ERROR:exception_snapshot_win.cc(99)] thread ID 1760 not found in process
[0912/121826.879:ERROR:process_reader_win.cc(151)] SuspendThread: Access is denied. (0x5)
[0912/121826.879:ERROR:process_reader_win.cc(151)] SuspendThread: Access is denied. (0x5)
[0912/121826.879:ERROR:process_reader_win.cc(151)] SuspendThread: Access is denied. (0x5)
[0912/121826.879:ERROR:process_reader_win.cc(151)] SuspendThread: Access is denied. (0x5)
[0912/121826.879:ERROR:process_reader_win.cc(151)] SuspendThread: Access is denied. (0x5)
[0912/121826.879:ERROR:process_reader_win.cc(151)] SuspendThread: Access is denied. (0x5)
[0912/121826.879:ERROR:process_reader_win.cc(151)] SuspendThread: Access is denied. (0x5)
[0912/121826.879:ERROR:process_reader_win.cc(151)] SuspendThread: Access is denied. (0x5)
[0912/121826.879:ERROR:process_reader_win.cc(151)] SuspendThread: Access is denied. (0x5)
[0912/121826.879:ERROR:process_reader_win.cc(151)] SuspendThread: Access is denied. (0x5)
[0912/121826.879:ERROR:process_reader_win.cc(151)] SuspendThread: Access is denied. (0x5)
[0912/121826.879:ERROR:process_reader_win.cc(151)] SuspendThread: Access is denied. (0x5)
[0912/121826.879:ERROR:process_reader_win.cc(151)] SuspendThread: Access is denied. (0x5)
[0912/121826.879:ERROR:process_reader_win.cc(123)] NtOpenThread: {Access Denied} A process has requested access to an object, but has not been granted those access rights. (0xc0000022)
[0912/121826.879:ERROR:exception_snapshot_win.cc(99)] thread ID 15108 not found in process
[0912/121826.894:ERROR:process_reader_win.cc(151)] SuspendThread: Access is denied. (0x5)
[0912/121826.894:ERROR:process_reader_win.cc(151)] SuspendThread: Access is denied. (0x5)
[0912/121826.894:ERROR:process_reader_win.cc(151)] SuspendThread: Access is denied. (0x5)
[0912/121826.894:ERROR:process_reader_win.cc(151)] SuspendThread: Access is denied. (0x5)
[0912/121826.894:ERROR:process_reader_win.cc(151)] SuspendThread: Access is denied. (0x5)
[0912/121826.894:ERROR:process_reader_win.cc(151)] SuspendThread: Access is denied. (0x5)
[0912/121826.894:ERROR:process_reader_win.cc(151)] SuspendThread: Access is denied. (0x5)
[0912/121826.894:ERROR:process_reader_win.cc(151)] SuspendThread: Access is denied. (0x5)
[0912/121826.894:ERROR:process_reader_win.cc(151)] SuspendThread: Access is denied. (0x5)
[0912/121826.894:ERROR:process_reader_win.cc(151)] SuspendThread: Access is denied. (0x5)
[0912/121826.894:ERROR:process_reader_win.cc(151)] SuspendThread: Access is denied. (0x5)
[0912/121826.894:ERROR:process_reader_win.cc(151)] SuspendThread: Access is denied. (0x5)
[0912/121826.894:ERROR:process_reader_win.cc(151)] SuspendThread: Access is denied. (0x5)
[0912/121826.894:ERROR:process_reader_win.cc(123)] NtOpenThread: {Access Denied} A process has requested access to an object, but has not been granted those access rights. (0xc0000022)
[0912/121826.894:ERROR:exception_snapshot_win.cc(99)] thread ID 2464 not found in process
[0912/121826.894:ERROR:process_reader_win.cc(151)] SuspendThread: Access is denied. (0x5)
[0912/121826.894:ERROR:process_reader_win.cc(151)] SuspendThread: Access is denied. (0x5)
[0912/121826.894:ERROR:process_reader_win.cc(151)] SuspendThread: Access is denied. (0x5)
[0912/121826.894:ERROR:process_reader_win.cc(151)] SuspendThread: Access is denied. (0x5)
[0912/121826.894:ERROR:process_reader_win.cc(151)] SuspendThread: Access is denied. (0x5)
[0912/121826.894:ERROR:process_reader_win.cc(151)] SuspendThread: Access is denied. (0x5)
[0912/121826.894:ERROR:process_reader_win.cc(151)] SuspendThread: Access is denied. (0x5)
[0912/121826.910:ERROR:process_reader_win.cc(151)] SuspendThread: Access is denied. (0x5)
[0912/121826.910:ERROR:process_reader_win.cc(151)] SuspendThread: Access is denied. (0x5)
[0912/121826.910:ERROR:process_reader_win.cc(151)] SuspendThread: Access is denied. (0x5)
[0912/121826.910:ERROR:process_reader_win.cc(151)] SuspendThread: Access is denied. (0x5)
[0912/121826.910:ERROR:process_reader_win.cc(151)] SuspendThread: Access is denied. (0x5)
[0912/121826.910:ERROR:process_reader_win.cc(151)] SuspendThread: Access is denied. (0x5)
[0912/121826.910:ERROR:process_reader_win.cc(123)] NtOpenThread: {Access Denied} A process has requested access to an object, but has not been granted those access rights. (0xc0000022)
[0912/121826.910:ERROR:exception_snapshot_win.cc(99)] thread ID 9860 not found in process
[0912/121826.910:ERROR:process_reader_win.cc(151)] SuspendThread: Access is denied. (0x5)
[0912/121826.910:ERROR:process_reader_win.cc(151)] SuspendThread: Access is denied. (0x5)
[0912/121826.910:ERROR:process_reader_win.cc(151)] SuspendThread: Access is denied. (0x5)
[0912/121826.910:ERROR:process_reader_win.cc(151)] SuspendThread: Access is denied. (0x5)
[0912/121826.910:ERROR:process_reader_win.cc(151)] SuspendThread: Access is denied. (0x5)
[0912/121826.910:ERROR:process_reader_win.cc(151)] SuspendThread: Access is denied. (0x5)
[0912/121826.910:ERROR:process_reader_win.cc(151)] SuspendThread: Access is denied. (0x5)
[0912/121826.910:ERROR:process_reader_win.cc(151)] SuspendThread: Access is denied. (0x5)
[0912/121826.910:ERROR:process_reader_win.cc(151)] SuspendThread: Access is denied. (0x5)
[0912/121826.910:ERROR:process_reader_win.cc(151)] SuspendThread: Access is denied. (0x5)
[0912/121826.910:ERROR:process_reader_win.cc(151)] SuspendThread: Access is denied. (0x5)
[0912/121826.910:ERROR:process_reader_win.cc(151)] SuspendThread: Access is denied. (0x5)
[0912/121826.910:ERROR:process_reader_win.cc(151)] SuspendThread: Access is denied. (0x5)
[0912/121826.910:ERROR:process_reader_win.cc(123)] NtOpenThread: {Access Denied} A process has requested access to an object, but has not been granted those access rights. (0xc0000022)
[0912/121826.910:ERROR:exception_snapshot_win.cc(99)] thread ID 10348 not found in process
[0912/121826.910:ERROR:process_reader_win.cc(151)] SuspendThread: Access is denied. (0x5)
[0912/121826.910:ERROR:process_reader_win.cc(151)] SuspendThread: Access is denied. (0x5)
[0912/121826.910:ERROR:process_reader_win.cc(151)] SuspendThread: Access is denied. (0x5)
[0912/121826.910:ERROR:process_reader_win.cc(151)] SuspendThread: Access is denied. (0x5)
[0912/121826.910:ERROR:process_reader_win.cc(151)] SuspendThread: Access is denied. (0x5)
[0912/121826.910:ERROR:process_reader_win.cc(151)] SuspendThread: Access is denied. (0x5)
[0912/121826.910:ERROR:process_reader_win.cc(151)] SuspendThread: Access is denied. (0x5)
[0912/121826.910:ERROR:process_reader_win.cc(151)] SuspendThread: Access is denied. (0x5)
[0912/121826.910:ERROR:process_reader_win.cc(151)] SuspendThread: Access is denied. (0x5)
[0912/121826.910:ERROR:process_reader_win.cc(151)] SuspendThread: Access is denied. (0x5)
[0912/121826.910:ERROR:process_reader_win.cc(151)] SuspendThread: Access is denied. (0x5)
[0912/121826.910:ERROR:process_reader_win.cc(151)] SuspendThread: Access is denied. (0x5)
[0912/121826.910:ERROR:process_reader_win.cc(151)] SuspendThread: Access is denied. (0x5)
[0912/121826.926:ERROR:process_reader_win.cc(123)] NtOpenThread: {Access Denied} A process has requested access to an object, but has not been granted those access rights. (0xc0000022)
[0912/121826.926:ERROR:exception_snapshot_win.cc(99)] thread ID 12864 not found in process
[0912/121826.926:ERROR:process_reader_win.cc(151)] SuspendThread: Access is denied. (0x5)
[0912/121826.926:ERROR:process_reader_win.cc(151)] SuspendThread: Access is denied. (0x5)
[0912/121826.926:ERROR:process_reader_win.cc(151)] SuspendThread: Access is denied. (0x5)
[0912/121826.926:ERROR:process_reader_win.cc(151)] SuspendThread: Access is denied. (0x5)
[0912/121826.926:ERROR:process_reader_win.cc(151)] SuspendThread: Access is denied. (0x5)
[0912/121826.926:ERROR:process_reader_win.cc(151)] SuspendThread: Access is denied. (0x5)
[0912/121826.926:ERROR:process_reader_win.cc(151)] SuspendThread: Access is denied. (0x5)
[0912/121826.926:ERROR:process_reader_win.cc(151)] SuspendThread: Access is denied. (0x5)
[0912/121826.926:ERROR:process_reader_win.cc(151)] SuspendThread: Access is denied. (0x5)
[0912/121826.926:ERROR:process_reader_win.cc(151)] SuspendThread: Access is denied. (0x5)
[0912/121826.926:ERROR:process_reader_win.cc(151)] SuspendThread: Access is denied. (0x5)
[0912/121826.926:ERROR:process_reader_win.cc(151)] SuspendThread: Access is denied. (0x5)
[0912/121826.926:ERROR:process_reader_win.cc(151)] SuspendThread: Access is denied. (0x5)
[0912/121826.926:ERROR:process_reader_win.cc(123)] NtOpenThread: {Access Denied} A process has requested access to an object, but has not been granted those access rights. (0xc0000022)
[0912/121826.926:ERROR:exception_snapshot_win.cc(99)] thread ID 8180 not found in process
[0912/121826.941:ERROR:process_reader_win.cc(151)] SuspendThread: Access is denied. (0x5)
[0912/121826.941:ERROR:process_reader_win.cc(151)] SuspendThread: Access is denied. (0x5)
[0912/121826.941:ERROR:process_reader_win.cc(151)] SuspendThread: Access is denied. (0x5)
[0912/121826.941:ERROR:process_reader_win.cc(151)] SuspendThread: Access is denied. (0x5)
[0912/121826.941:ERROR:process_reader_win.cc(151)] SuspendThread: Access is denied. (0x5)
[0912/121826.941:ERROR:process_reader_win.cc(151)] SuspendThread: Access is denied. (0x5)
[0912/121826.941:ERROR:process_reader_win.cc(151)] SuspendThread: Access is denied. (0x5)
[0912/121826.941:ERROR:process_reader_win.cc(151)] SuspendThread: Access is denied. (0x5)
[0912/121826.941:ERROR:process_reader_win.cc(151)] SuspendThread: Access is denied. (0x5)
[0912/121826.941:ERROR:process_reader_win.cc(151)] SuspendThread: Access is denied. (0x5)
[0912/121826.941:ERROR:process_reader_win.cc(151)] SuspendThread: Access is denied. (0x5)
[0912/121826.941:ERROR:process_reader_win.cc(151)] SuspendThread: Access is denied. (0x5)
[0912/121826.941:ERROR:process_reader_win.cc(123)] NtOpenThread: {Access Denied} A process has requested access to an object, but has not been granted those access rights. (0xc0000022)
[0912/121826.941:ERROR:exception_snapshot_win.cc(99)] thread ID 13476 not found in process
[0912/121826.957:ERROR:process_reader_win.cc(151)] SuspendThread: Access is denied. (0x5)
[0912/121826.957:ERROR:process_reader_win.cc(151)] SuspendThread: Access is denied. (0x5)
[0912/121826.957:ERROR:process_reader_win.cc(151)] SuspendThread: Access is denied. (0x5)
[0912/121826.957:ERROR:process_reader_win.cc(151)] SuspendThread: Access is denied. (0x5)
[0912/121826.957:ERROR:process_reader_win.cc(151)] SuspendThread: Access is denied. (0x5)
[0912/121826.957:ERROR:process_reader_win.cc(151)] SuspendThread: Access is denied. (0x5)
[0912/121826.957:ERROR:process_reader_win.cc(151)] SuspendThread: Access is denied. (0x5)
[0912/121826.957:ERROR:process_reader_win.cc(151)] SuspendThread: Access is denied. (0x5)
[0912/121826.957:ERROR:process_reader_win.cc(151)] SuspendThread: Access is denied. (0x5)
[0912/121826.957:ERROR:process_reader_win.cc(151)] SuspendThread: Access is denied. (0x5)
[0912/121826.957:ERROR:process_reader_win.cc(151)] SuspendThread: Access is denied. (0x5)
[0912/121826.957:ERROR:process_reader_win.cc(151)] SuspendThread: Access is denied. (0x5)
[0912/121826.957:ERROR:process_reader_win.cc(151)] SuspendThread: Access is denied. (0x5)
[0912/121826.957:ERROR:process_reader_win.cc(151)] SuspendThread: Access is denied. (0x5)
[0912/121826.957:ERROR:process_reader_win.cc(151)] SuspendThread: Access is denied. (0x5)
[0912/121826.957:ERROR:process_reader_win.cc(123)] NtOpenThread: {Access Denied} A process has requested access to an object, but has not been granted those access rights. (0xc0000022)
[0912/121826.957:ERROR:exception_snapshot_win.cc(99)] thread ID 8012 not found in process
[1008/141157.739:ERROR:directory_reader_win.cc(43)] FindFirstFile: The system cannot find the path specified. (0x3)
[1015/080639.720:ERROR:directory_reader_win.cc(43)] FindFirstFile: The system cannot find the path specified. (0x3)
[1022/082753.053:ERROR:directory_reader_win.cc(43)] FindFirstFile: The system cannot find the path specified. (0x3)
[1023/083252.566:ERROR:directory_reader_win.cc(43)] FindFirstFile: The system cannot find the path specified. (0x3)
[1023/170922.633:ERROR:directory_reader_win.cc(43)] FindFirstFile: The system cannot find the path specified. (0x3)
[1029/121245.156:ERROR:directory_reader_win.cc(43)] FindFirstFile: The system cannot find the path specified. (0x3)
[1118/142803.105:ERROR:directory_reader_win.cc(43)] FindFirstFile: The system cannot find the path specified. (0x3)
[1120/114016.349:ERROR:directory_reader_win.cc(43)] FindFirstFile: The system cannot find the path specified. (0x3)
[1120/142231.875:ERROR:filesystem_win.cc(129)] GetFileAttributes C:\Users\USER\AppData\Local\Google\Chrome\User Data\Crashpad\attachments\c47dcc17-7bb0-4bc5-a3c5-f97ce41128e7: The system cannot find the path specified. (0x3)
[1120/212923.460:ERROR:filesystem_win.cc(129)] GetFileAttributes C:\Users\USER\AppData\Local\Google\Chrome\User Data\Crashpad\attachments\d3a6f3d8-c010-47de-92da-4a964a8490b7: The system cannot find the path specified. (0x3)
[1120/224357.712:ERROR:process_reader_win.cc(123)] NtOpenThread: {Access Denied} A process has requested access to an object, but has not been granted those access rights. (0xc0000022)
[1120/224357.806:ERROR:exception_snapshot_win.cc(99)] thread ID 13972 not found in process
[1123/105438.825:ERROR:directory_reader_win.cc(43)] FindFirstFile: The system cannot find the path specified. (0x3)
